{"numFailedTestSuites":1,"numFailedTests":1,"numPassedTestSuites":5,"numPassedTests":141,"numPendingTestSuites":0,"numPendingTests":0,"numRuntimeErrorTestSuites":1,"numTodoTests":0,"numTotalTestSuites":6,"numTotalTests":142,"openHandles":[],"snapshot":{"added":0,"didUpdate":false,"failure":false,"filesAdded":0,"filesRemoved":0,"filesRemovedList":[],"filesUnmatched":0,"filesUpdated":0,"matched":0,"total":0,"unchecked":0,"uncheckedKeysByFile":[],"unmatched":0,"updated":0},"startTime":1773474171002,"success":false,"testResults":[{"assertionResults":[{"ancestorTitles":["POST /api/otp/send — Input Validation"],"duration":228,"failing":false,"failureDetails":[],"failureMessages":[],"fullName":"POST /api/otp/send — Input Validation 1. 400 when email is missing","invocations":1,"location":null,"numPassingAsserts":1,"retryReasons":[],"startAt":1773474183786,"status":"passed","title":"1. 400 when email is missing"},{"ancestorTitles":["POST /api/otp/send — Input Validation"],"duration":51,"failing":false,"failureDetails":[],"failureMessages":[],"fullName":"POST /api/otp/send — Input Validation 2. 400 when phone is missing","invocations":1,"location":null,"numPassingAsserts":1,"retryReasons":[],"startAt":1773474184015,"status":"passed","title":"2. 400 when phone is missing"},{"ancestorTitles":["POST /api/otp/send — Input Validation"],"duration":31,"failing":false,"failureDetails":[],"failureMessages":[],"fullName":"POST /api/otp/send — Input Validation 3. 400 when both missing","invocations":1,"location":null,"numPassingAsserts":1,"retryReasons":[],"startAt":1773474184067,"status":"passed","title":"3. 400 when both missing"},{"ancestorTitles":["POST /api/otp/send — Input Validation"],"duration":29,"failing":false,"failureDetails":[],"failureMessages":[],"fullName":"POST /api/otp/send — Input Validation 4. 400 when purpose is missing","invocations":1,"location":null,"numPassingAsserts":1,"retryReasons":[],"startAt":1773474184098,"status":"passed","title":"4. 400 when purpose is missing"},{"ancestorTitles":["POST /api/otp/send — Input Validation"],"duration":30,"failing":false,"failureDetails":[],"failureMessages":[],"fullName":"POST /api/otp/send — Input Validation 5. 400 for invalid purpose","invocations":1,"location":null,"numPassingAsserts":1,"retryReasons":[],"startAt":1773474184127,"status":"passed","title":"5. 400 for invalid purpose"},{"ancestorTitles":["POST /api/otp/send — Input Validation"],"duration":27,"failing":false,"failureDetails":[],"failureMessages":[],"fullName":"POST /api/otp/send — Input Validation 6. 400 for purpose \"register\"","invocations":1,"location":null,"numPassingAsserts":1,"retryReasons":[],"startAt":1773474184157,"status":"passed","title":"6. 400 for purpose \"register\""},{"ancestorTitles":["POST /api/otp/send — Input Validation"],"duration":22,"failing":false,"failureDetails":[],"failureMessages":[],"fullName":"POST /api/otp/send — Input Validation 7. 400 for purpose \"reset\"","invocations":1,"location":null,"numPassingAsserts":1,"retryReasons":[],"startAt":1773474184185,"status":"passed","title":"7. 400 for purpose \"reset\""},{"ancestorTitles":["POST /api/otp/send — Input Validation"],"duration":34,"failing":false,"failureDetails":[],"failureMessages":[],"fullName":"POST /api/otp/send — Input Validation 8. 400 when body is empty","invocations":1,"location":null,"numPassingAsserts":1,"retryReasons":[],"startAt":1773474184208,"status":"passed","title":"8. 400 when body is empty"},{"ancestorTitles":["POST /api/otp/send — Input Validation"],"duration":89,"failing":false,"failureDetails":[],"failureMessages":[],"fullName":"POST /api/otp/send — Input Validation 9. 400 when email is empty string","invocations":1,"location":null,"numPassingAsserts":1,"retryReasons":[],"startAt":1773474184243,"status":"passed","title":"9. 400 when email is empty string"},{"ancestorTitles":["POST /api/otp/send — Input Validation"],"duration":24,"failing":false,"failureDetails":[],"failureMessages":[],"fullName":"POST /api/otp/send — Input Validation 10. 400 when phone is empty string","invocations":1,"location":null,"numPassingAsserts":1,"retryReasons":[],"startAt":1773474184332,"status":"passed","title":"10. 400 when phone is empty string"},{"ancestorTitles":["POST /api/otp/send — Input Validation"],"duration":145,"failing":false,"failureDetails":[],"failureMessages":[],"fullName":"POST /api/otp/send — Input Validation 11. 200 for valid signup","invocations":1,"location":null,"numPassingAsserts":1,"retryReasons":[],"startAt":1773474184356,"status":"passed","title":"11. 200 for valid signup"},{"ancestorTitles":["POST /api/otp/send — Input Validation"],"duration":71,"failing":false,"failureDetails":[],"failureMessages":[],"fullName":"POST /api/otp/send — Input Validation 12. 200 for valid login","invocations":1,"location":null,"numPassingAsserts":1,"retryReasons":[],"startAt":1773474184501,"status":"passed","title":"12. 200 for valid login"},{"ancestorTitles":["POST /api/otp/send — Input Validation"],"duration":46,"failing":false,"failureDetails":[],"failureMessages":[],"fullName":"POST /api/otp/send — Input Validation 13. 200 for valid forgot-password","invocations":1,"location":null,"numPassingAsserts":1,"retryReasons":[],"startAt":1773474184572,"status":"passed","title":"13. 200 for valid forgot-password"},{"ancestorTitles":["POST /api/otp/send — Input Validation"],"duration":17,"failing":false,"failureDetails":[],"failureMessages":[],"fullName":"POST /api/otp/send — Input Validation 14. does not crash with very long email","invocations":1,"location":null,"numPassingAsserts":1,"retryReasons":[],"startAt":1773474184618,"status":"passed","title":"14. does not crash with very long email"},{"ancestorTitles":["POST /api/otp/send — Input Validation"],"duration":19,"failing":false,"failureDetails":[],"failureMessages":[],"fullName":"POST /api/otp/send — Input Validation 15. does not crash with very long phone","invocations":1,"location":null,"numPassingAsserts":1,"retryReasons":[],"startAt":1773474184635,"status":"passed","title":"15. does not crash with very long phone"},{"ancestorTitles":["POST /api/otp/send — Input Validation"],"duration":19,"failing":false,"failureDetails":[],"failureMessages":[],"fullName":"POST /api/otp/send — Input Validation 16. returns JSON content type","invocations":1,"location":null,"numPassingAsserts":1,"retryReasons":[],"startAt":1773474184655,"status":"passed","title":"16. returns JSON content type"},{"ancestorTitles":["POST /api/otp/send — Input Validation"],"duration":18,"failing":false,"failureDetails":[],"failureMessages":[],"fullName":"POST /api/otp/send — Input Validation 17. rejects whitespace purpose","invocations":1,"location":null,"numPassingAsserts":1,"retryReasons":[],"startAt":1773474184674,"status":"passed","title":"17. rejects whitespace purpose"},{"ancestorTitles":["POST /api/otp/send — Input Validation"],"duration":18,"failing":false,"failureDetails":[],"failureMessages":[],"fullName":"POST /api/otp/send — Input Validation 18. rejects uppercase purpose","invocations":1,"location":null,"numPassingAsserts":1,"retryReasons":[],"startAt":1773474184692,"status":"passed","title":"18. rejects uppercase purpose"},{"ancestorTitles":["POST /api/otp/send — Input Validation"],"duration":18,"failing":false,"failureDetails":[],"failureMessages":[],"fullName":"POST /api/otp/send — Input Validation 19. handles null values","invocations":1,"location":null,"numPassingAsserts":1,"retryReasons":[],"startAt":1773474184710,"status":"passed","title":"19. handles null values"},{"ancestorTitles":["POST /api/otp/send — Input Validation"],"duration":18,"failing":false,"failureDetails":[],"failureMessages":[],"fullName":"POST /api/otp/send — Input Validation 20. handles numeric values","invocations":1,"location":null,"numPassingAsserts":1,"retryReasons":[],"startAt":1773474184728,"status":"passed","title":"20. handles numeric values"},{"ancestorTitles":["POST /api/otp/send — Input Validation"],"duration":20,"failing":false,"failureDetails":[],"failureMessages":[],"fullName":"POST /api/otp/send — Input Validation 20a. 400 when phone is object payload","invocations":1,"location":null,"numPassingAsserts":1,"retryReasons":[],"startAt":1773474184746,"status":"passed","title":"20a. 400 when phone is object payload"},{"ancestorTitles":["POST /api/otp/send — Input Validation"],"duration":17,"failing":false,"failureDetails":[],"failureMessages":[],"fullName":"POST /api/otp/send — Input Validation 20b. 400 when email format is invalid","invocations":1,"location":null,"numPassingAsserts":1,"retryReasons":[],"startAt":1773474184766,"status":"passed","title":"20b. 400 when email format is invalid"},{"ancestorTitles":["POST /api/otp/send — Signup Flow"],"duration":47,"failing":false,"failureDetails":[],"failureMessages":[],"fullName":"POST /api/otp/send — Signup Flow 21. creates pending user in DB","invocations":1,"location":null,"numPassingAsserts":2,"retryReasons":[],"startAt":1773474184784,"status":"passed","title":"21. creates pending user in DB"},{"ancestorTitles":["POST /api/otp/send — Signup Flow"],"duration":66,"failing":false,"failureDetails":[],"failureMessages":[],"fullName":"POST /api/otp/send — Signup Flow 22. stores a BCRYPT HASH (not plaintext) in DB","invocations":1,"location":null,"numPassingAsserts":2,"retryReasons":[],"startAt":1773474184831,"status":"passed","title":"22. stores a BCRYPT HASH (not plaintext) in DB"},{"ancestorTitles":["POST /api/otp/send — Signup Flow"],"duration":43,"failing":false,"failureDetails":[],"failureMessages":[],"fullName":"POST /api/otp/send — Signup Flow 23. sets otpExpiry ~5 minutes in future","invocations":1,"location":null,"numPassingAsserts":2,"retryReasons":[],"startAt":1773474184897,"status":"passed","title":"23. sets otpExpiry ~5 minutes in future"},{"ancestorTitles":["POST /api/otp/send — Signup Flow"],"duration":48,"failing":false,"failureDetails":[],"failureMessages":[],"fullName":"POST /api/otp/send — Signup Flow 24. sets otpPurpose to \"signup\"","invocations":1,"location":null,"numPassingAsserts":1,"retryReasons":[],"startAt":1773474184941,"status":"passed","title":"24. sets otpPurpose to \"signup\""},{"ancestorTitles":["POST /api/otp/send — Signup Flow"],"duration":44,"failing":false,"failureDetails":[],"failureMessages":[],"fullName":"POST /api/otp/send — Signup Flow 25. initializes otpAttempts to 0","invocations":1,"location":null,"numPassingAsserts":1,"retryReasons":[],"startAt":1773474184989,"status":"passed","title":"25. initializes otpAttempts to 0"},{"ancestorTitles":["POST /api/otp/send — Signup Flow"],"duration":41,"failing":false,"failureDetails":[],"failureMessages":[],"fullName":"POST /api/otp/send — Signup Flow 26. 409 when email already verified","invocations":1,"location":null,"numPassingAsserts":1,"retryReasons":[],"startAt":1773474185033,"status":"passed","title":"26. 409 when email already verified"},{"ancestorTitles":["POST /api/otp/send — Signup Flow"],"duration":40,"failing":false,"failureDetails":[],"failureMessages":[],"fullName":"POST /api/otp/send — Signup Flow 27. 409 when phone already verified","invocations":1,"location":null,"numPassingAsserts":1,"retryReasons":[],"startAt":1773474185074,"status":"passed","title":"27. 409 when phone already verified"},{"ancestorTitles":["POST /api/otp/send — Signup Flow"],"duration":225,"failing":false,"failureDetails":[],"failureMessages":[],"fullName":"POST /api/otp/send — Signup Flow 28. deletes old unverified on re-signup","invocations":1,"location":null,"numPassingAsserts":1,"retryReasons":[],"startAt":1773474185114,"status":"passed","title":"28. deletes old unverified on re-signup"},{"ancestorTitles":["POST /api/otp/send — Signup Flow"],"duration":46,"failing":false,"failureDetails":[],"failureMessages":[],"fullName":"POST /api/otp/send — Signup Flow 29. response message contains email","invocations":1,"location":null,"numPassingAsserts":1,"retryReasons":[],"startAt":1773474185340,"status":"passed","title":"29. response message contains email"},{"ancestorTitles":["POST /api/otp/send — Signup Flow"],"duration":57,"failing":false,"failureDetails":[],"failureMessages":[],"fullName":"POST /api/otp/send — Signup Flow 30. response has success:true","invocations":1,"location":null,"numPassingAsserts":1,"retryReasons":[],"startAt":1773474185386,"status":"passed","title":"30. response has success:true"},{"ancestorTitles":["POST /api/otp/send — Signup Flow"],"duration":157,"failing":false,"failureDetails":[],"failureMessages":[],"fullName":"POST /api/otp/send — Signup Flow 31. generates different hashes for each request","invocations":1,"location":null,"numPassingAsserts":1,"retryReasons":[],"startAt":1773474185443,"status":"passed","title":"31. generates different hashes for each request"},{"ancestorTitles":["POST /api/otp/send — Signup Flow"],"duration":42,"failing":false,"failureDetails":[],"failureMessages":[],"fullName":"POST /api/otp/send — Signup Flow 32. does not include OTP in response","invocations":1,"location":null,"numPassingAsserts":1,"retryReasons":[],"startAt":1773474185600,"status":"passed","title":"32. does not include OTP in response"},{"ancestorTitles":["POST /api/otp/send — Signup Flow"],"duration":43,"failing":false,"failureDetails":[],"failureMessages":[],"fullName":"POST /api/otp/send — Signup Flow 33. does not include user data in response","invocations":1,"location":null,"numPassingAsserts":2,"retryReasons":[],"startAt":1773474185642,"status":"passed","title":"33. does not include user data in response"},{"ancestorTitles":["POST /api/otp/send — Signup Flow"],"duration":75,"failing":false,"failureDetails":[],"failureMessages":[],"fullName":"POST /api/otp/send — Signup Flow 34. handles concurrent signups","invocations":1,"location":null,"numPassingAsserts":1,"retryReasons":[],"startAt":1773474185685,"status":"passed","title":"34. handles concurrent signups"},{"ancestorTitles":["POST /api/otp/send — Signup Flow"],"duration":45,"failing":false,"failureDetails":[],"failureMessages":[],"fullName":"POST /api/otp/send — Signup Flow 35. 409 message specifies \"email\"","invocations":1,"location":null,"numPassingAsserts":1,"retryReasons":[],"startAt":1773474185761,"status":"passed","title":"35. 409 message specifies \"email\""},{"ancestorTitles":["POST /api/otp/send — Login & Forgot Password"],"duration":37,"failing":false,"failureDetails":[],"failureMessages":[],"fullName":"POST /api/otp/send — Login & Forgot Password 36. 404 for login non-existent phone","invocations":1,"location":null,"numPassingAsserts":1,"retryReasons":[],"startAt":1773474185806,"status":"passed","title":"36. 404 for login non-existent phone"},{"ancestorTitles":["POST /api/otp/send — Login & Forgot Password"],"duration":36,"failing":false,"failureDetails":[],"failureMessages":[],"fullName":"POST /api/otp/send — Login & Forgot Password 37. 404 for forgot-password non-existent","invocations":1,"location":null,"numPassingAsserts":1,"retryReasons":[],"startAt":1773474185843,"status":"passed","title":"37. 404 for forgot-password non-existent"},{"ancestorTitles":["POST /api/otp/send — Login & Forgot Password"],"duration":43,"failing":false,"failureDetails":[],"failureMessages":[],"fullName":"POST /api/otp/send — Login & Forgot Password 38. stores bcrypt hash for login OTP","invocations":1,"location":null,"numPassingAsserts":1,"retryReasons":[],"startAt":1773474185879,"status":"passed","title":"38. stores bcrypt hash for login OTP"},{"ancestorTitles":["POST /api/otp/send — Login & Forgot Password"],"duration":51,"failing":false,"failureDetails":[],"failureMessages":[],"fullName":"POST /api/otp/send — Login & Forgot Password 39. sets purpose to \"forgot-password\"","invocations":1,"location":null,"numPassingAsserts":1,"retryReasons":[],"startAt":1773474185923,"status":"passed","title":"39. sets purpose to \"forgot-password\""},{"ancestorTitles":["POST /api/otp/send — Login & Forgot Password"],"duration":58,"failing":false,"failureDetails":[],"failureMessages":[],"fullName":"POST /api/otp/send — Login & Forgot Password 40. resets otpAttempts to 0 on new OTP send","invocations":1,"location":null,"numPassingAsserts":1,"retryReasons":[],"startAt":1773474185975,"status":"passed","title":"40. resets otpAttempts to 0 on new OTP send"},{"ancestorTitles":["POST /api/otp/send — Login & Forgot Password"],"duration":45,"failing":false,"failureDetails":[],"failureMessages":[],"fullName":"POST /api/otp/send — Login & Forgot Password 41. clears lockout on new OTP send","invocations":1,"location":null,"numPassingAsserts":1,"retryReasons":[],"startAt":1773474186033,"status":"passed","title":"41. clears lockout on new OTP send"},{"ancestorTitles":["POST /api/otp/send — Login & Forgot Password"],"duration":199,"failing":false,"failureDetails":[],"failureMessages":[],"fullName":"POST /api/otp/send — Login & Forgot Password 42. login send does not create new user","invocations":1,"location":null,"numPassingAsserts":1,"retryReasons":[],"startAt":1773474186078,"status":"passed","title":"42. login send does not create new user"},{"ancestorTitles":["POST /api/otp/send — Login & Forgot Password"],"duration":39,"failing":false,"failureDetails":[],"failureMessages":[],"fullName":"POST /api/otp/send — Login & Forgot Password 43. 404 message guides to sign up","invocations":1,"location":null,"numPassingAsserts":1,"retryReasons":[],"startAt":1773474186277,"status":"passed","title":"43. 404 message guides to sign up"},{"ancestorTitles":["POST /api/otp/send — Login & Forgot Password"],"duration":59,"failing":false,"failureDetails":[],"failureMessages":[],"fullName":"POST /api/otp/send — Login & Forgot Password 44. does not find unverified for login","invocations":1,"location":null,"numPassingAsserts":1,"retryReasons":[],"startAt":1773474186317,"status":"passed","title":"44. does not find unverified for login"},{"ancestorTitles":["POST /api/otp/send — Login & Forgot Password"],"duration":58,"failing":false,"failureDetails":[],"failureMessages":[],"fullName":"POST /api/otp/send — Login & Forgot Password 45. does not find unverified for forgot-password","invocations":1,"location":null,"numPassingAsserts":1,"retryReasons":[],"startAt":1773474186377,"status":"passed","title":"45. does not find unverified for forgot-password"},{"ancestorTitles":["POST /api/otp/send — Login & Forgot Password"],"duration":39,"failing":false,"failureDetails":[],"failureMessages":[],"fullName":"POST /api/otp/send — Login & Forgot Password 46. responds within 500ms","invocations":1,"location":null,"numPassingAsserts":1,"retryReasons":[],"startAt":1773474186436,"status":"passed","title":"46. responds within 500ms"},{"ancestorTitles":["POST /api/otp/send — Login & Forgot Password"],"duration":39,"failing":false,"failureDetails":[],"failureMessages":[],"fullName":"POST /api/otp/send — Login & Forgot Password 47. does not leak OTP in response","invocations":1,"location":null,"numPassingAsserts":1,"retryReasons":[],"startAt":1773474186476,"status":"passed","title":"47. does not leak OTP in response"},{"ancestorTitles":["POST /api/otp/send — Login & Forgot Password"],"duration":43,"failing":false,"failureDetails":[],"failureMessages":[],"fullName":"POST /api/otp/send — Login & Forgot Password 48. sets fresh otpExpiry for login","invocations":1,"location":null,"numPassingAsserts":1,"retryReasons":[],"startAt":1773474186516,"status":"passed","title":"48. sets fresh otpExpiry for login"},{"ancestorTitles":["POST /api/otp/send — Login & Forgot Password"],"duration":42,"failing":false,"failureDetails":[],"failureMessages":[],"fullName":"POST /api/otp/send — Login & Forgot Password 49. response has {success, message}","invocations":1,"location":null,"numPassingAsserts":2,"retryReasons":[],"startAt":1773474186559,"status":"passed","title":"49. response has {success, message}"},{"ancestorTitles":["POST /api/otp/send — Login & Forgot Password"],"duration":46,"failing":false,"failureDetails":[],"failureMessages":[],"fullName":"POST /api/otp/send — Login & Forgot Password 50. purpose updates atomically","invocations":1,"location":null,"numPassingAsserts":1,"retryReasons":[],"startAt":1773474186601,"status":"passed","title":"50. purpose updates atomically"},{"ancestorTitles":["POST /api/otp/send — Login & Forgot Password"],"duration":41,"failing":false,"failureDetails":[],"failureMessages":[],"fullName":"POST /api/otp/send — Login & Forgot Password 50a. 404 when login email does not match phone owner","invocations":1,"location":null,"numPassingAsserts":1,"retryReasons":[],"startAt":1773474186647,"status":"passed","title":"50a. 404 when login email does not match phone owner"},{"ancestorTitles":["POST /api/otp/send — Login & Forgot Password"],"duration":45,"failing":false,"failureDetails":[],"failureMessages":[],"fullName":"POST /api/otp/send — Login & Forgot Password 50b. 404 when forgot-password email does not match phone owner","invocations":1,"location":null,"numPassingAsserts":1,"retryReasons":[],"startAt":1773474186689,"status":"passed","title":"50b. 404 when forgot-password email does not match phone owner"},{"ancestorTitles":["POST /api/otp/verify"],"duration":18,"failing":false,"failureDetails":[],"failureMessages":[],"fullName":"POST /api/otp/verify 51. 400 when phone is missing","invocations":1,"location":null,"numPassingAsserts":1,"retryReasons":[],"startAt":1773474186734,"status":"passed","title":"51. 400 when phone is missing"},{"ancestorTitles":["POST /api/otp/verify"],"duration":19,"failing":false,"failureDetails":[],"failureMessages":[],"fullName":"POST /api/otp/verify 52. 400 when OTP is missing","invocations":1,"location":null,"numPassingAsserts":1,"retryReasons":[],"startAt":1773474186753,"status":"passed","title":"52. 400 when OTP is missing"},{"ancestorTitles":["POST /api/otp/verify"],"duration":16,"failing":false,"failureDetails":[],"failureMessages":[],"fullName":"POST /api/otp/verify 53. 400 when purpose is missing","invocations":1,"location":null,"numPassingAsserts":1,"retryReasons":[],"startAt":1773474186772,"status":"passed","title":"53. 400 when purpose is missing"},{"ancestorTitles":["POST /api/otp/verify"],"duration":14,"failing":false,"failureDetails":[],"failureMessages":[],"fullName":"POST /api/otp/verify 54. 400 when body is empty","invocations":1,"location":null,"numPassingAsserts":1,"retryReasons":[],"startAt":1773474186788,"status":"passed","title":"54. 400 when body is empty"},{"ancestorTitles":["POST /api/otp/verify"],"duration":17,"failing":false,"failureDetails":[],"failureMessages":[],"fullName":"POST /api/otp/verify 55. 404 for non-existent phone","invocations":1,"location":null,"numPassingAsserts":1,"retryReasons":[],"startAt":1773474186803,"status":"passed","title":"55. 404 for non-existent phone"},{"ancestorTitles":["POST /api/otp/verify"],"duration":64,"failing":false,"failureDetails":[],"failureMessages":[],"fullName":"POST /api/otp/verify 56. 401 for wrong OTP (bcrypt comparison)","invocations":1,"location":null,"numPassingAsserts":1,"retryReasons":[],"startAt":1773474186820,"status":"passed","title":"56. 401 for wrong OTP (bcrypt comparison)"},{"ancestorTitles":["POST /api/otp/verify"],"duration":43,"failing":false,"failureDetails":[],"failureMessages":[],"fullName":"POST /api/otp/verify 57. 410 for expired OTP","invocations":1,"location":null,"numPassingAsserts":1,"retryReasons":[],"startAt":1773474186884,"status":"passed","title":"57. 410 for expired OTP"},{"ancestorTitles":["POST /api/otp/verify"],"duration":45,"failing":false,"failureDetails":[],"failureMessages":[],"fullName":"POST /api/otp/verify 58. 400 for purpose mismatch","invocations":1,"location":null,"numPassingAsserts":1,"retryReasons":[],"startAt":1773474186927,"status":"passed","title":"58. 400 for purpose mismatch"},{"ancestorTitles":["POST /api/otp/verify"],"duration":72,"failing":false,"failureDetails":[],"failureMessages":[],"fullName":"POST /api/otp/verify 59. 200 with bcrypt-verified OTP","invocations":1,"location":null,"numPassingAsserts":2,"retryReasons":[],"startAt":1773474186972,"status":"passed","title":"59. 200 with bcrypt-verified OTP"},{"ancestorTitles":["POST /api/otp/verify"],"duration":62,"failing":false,"failureDetails":[],"failureMessages":[],"fullName":"POST /api/otp/verify 60. marks user verified after OTP check","invocations":1,"location":null,"numPassingAsserts":1,"retryReasons":[],"startAt":1773474187045,"status":"passed","title":"60. marks user verified after OTP check"},{"ancestorTitles":["POST /api/otp/verify"],"duration":65,"failing":false,"failureDetails":[],"failureMessages":[],"fullName":"POST /api/otp/verify 61. clears OTP fields after verification","invocations":1,"location":null,"numPassingAsserts":2,"retryReasons":[],"startAt":1773474187107,"status":"passed","title":"61. clears OTP fields after verification"},{"ancestorTitles":["POST /api/otp/verify"],"duration":64,"failing":false,"failureDetails":[],"failureMessages":[],"fullName":"POST /api/otp/verify 62. returns user data in response","invocations":1,"location":null,"numPassingAsserts":2,"retryReasons":[],"startAt":1773474187172,"status":"passed","title":"62. returns user data in response"},{"ancestorTitles":["POST /api/otp/verify"],"duration":64,"failing":false,"failureDetails":[],"failureMessages":[],"fullName":"POST /api/otp/verify 63. does NOT leak OTP hash in response","invocations":1,"location":null,"numPassingAsserts":1,"retryReasons":[],"startAt":1773474187236,"status":"passed","title":"63. does NOT leak OTP hash in response"},{"ancestorTitles":["POST /api/otp/verify"],"duration":68,"failing":false,"failureDetails":[],"failureMessages":[],"fullName":"POST /api/otp/verify 64. does NOT leak password in response","invocations":1,"location":null,"numPassingAsserts":1,"retryReasons":[],"startAt":1773474187300,"status":"passed","title":"64. does NOT leak password in response"},{"ancestorTitles":["POST /api/otp/verify"],"duration":1306,"failing":false,"failureDetails":[],"failureMessages":[],"fullName":"POST /api/otp/verify 65. rejects OTP replay (same OTP twice)","invocations":1,"location":null,"numPassingAsserts":1,"retryReasons":[],"startAt":1773474187368,"status":"passed","title":"65. rejects OTP replay (same OTP twice)"},{"ancestorTitles":["POST /api/otp/verify"],"duration":72,"failing":false,"failureDetails":[],"failureMessages":[],"fullName":"POST /api/otp/verify 66. increments otpAttempts on wrong OTP","invocations":1,"location":null,"numPassingAsserts":1,"retryReasons":[],"startAt":1773474188674,"status":"passed","title":"66. increments otpAttempts on wrong OTP"},{"ancestorTitles":["POST /api/otp/verify"],"duration":72,"failing":false,"failureDetails":[],"failureMessages":[],"fullName":"POST /api/otp/verify 67. shows remaining attempts in error message","invocations":1,"location":null,"numPassingAsserts":1,"retryReasons":[],"startAt":1773474188746,"status":"passed","title":"67. shows remaining attempts in error message"},{"ancestorTitles":["POST /api/otp/verify"],"duration":70,"failing":false,"failureDetails":[],"failureMessages":[],"fullName":"POST /api/otp/verify 68. LOCKS account after 5 wrong attempts (HTTP 423)","invocations":1,"location":null,"numPassingAsserts":2,"retryReasons":[],"startAt":1773474188819,"status":"passed","title":"68. LOCKS account after 5 wrong attempts (HTTP 423)"},{"ancestorTitles":["POST /api/otp/verify"],"duration":71,"failing":false,"failureDetails":[],"failureMessages":[],"fullName":"POST /api/otp/verify 69. sets otpLockedUntil on lockout","invocations":1,"location":null,"numPassingAsserts":2,"retryReasons":[],"startAt":1773474188889,"status":"passed","title":"69. sets otpLockedUntil on lockout"},{"ancestorTitles":["POST /api/otp/verify"],"duration":70,"failing":false,"failureDetails":[],"failureMessages":[],"fullName":"POST /api/otp/verify 70. invalidates OTP on lockout","invocations":1,"location":null,"numPassingAsserts":1,"retryReasons":[],"startAt":1773474188960,"status":"passed","title":"70. invalidates OTP on lockout"},{"ancestorTitles":["POST /api/otp/verify"],"duration":41,"failing":false,"failureDetails":[],"failureMessages":[],"fullName":"POST /api/otp/verify 71. returns 423 when account is locked","invocations":1,"location":null,"numPassingAsserts":1,"retryReasons":[],"startAt":1773474189030,"status":"passed","title":"71. returns 423 when account is locked"},{"ancestorTitles":["POST /api/otp/verify"],"duration":43,"failing":false,"failureDetails":[],"failureMessages":[],"fullName":"POST /api/otp/verify 72. locked message includes minutes remaining","invocations":1,"location":null,"numPassingAsserts":1,"retryReasons":[],"startAt":1773474189071,"status":"passed","title":"72. locked message includes minutes remaining"},{"ancestorTitles":["POST /api/otp/verify"],"duration":39,"failing":false,"failureDetails":[],"failureMessages":[],"fullName":"POST /api/otp/verify 73. rejects alphabetic OTP","invocations":1,"location":null,"numPassingAsserts":1,"retryReasons":[],"startAt":1773474189114,"status":"passed","title":"73. rejects alphabetic OTP"},{"ancestorTitles":["POST /api/otp/verify"],"duration":37,"failing":false,"failureDetails":[],"failureMessages":[],"fullName":"POST /api/otp/verify 74. rejects 5-digit OTP","invocations":1,"location":null,"numPassingAsserts":1,"retryReasons":[],"startAt":1773474189153,"status":"passed","title":"74. rejects 5-digit OTP"},{"ancestorTitles":["POST /api/otp/verify"],"duration":15,"failing":false,"failureDetails":[],"failureMessages":[],"fullName":"POST /api/otp/verify 74a. rejects invalid phone format before lookup","invocations":1,"location":null,"numPassingAsserts":1,"retryReasons":[],"startAt":1773474189191,"status":"passed","title":"74a. rejects invalid phone format before lookup"},{"ancestorTitles":["POST /api/otp/verify"],"duration":76,"failing":false,"failureDetails":[],"failureMessages":[],"fullName":"POST /api/otp/verify 75. response has correct shape","invocations":1,"location":null,"numPassingAsserts":1,"retryReasons":[],"startAt":1773474189207,"status":"passed","title":"75. response has correct shape"},{"ancestorTitles":["POST /api/otp/check-user"],"duration":1307,"failing":false,"failureDetails":[],"failureMessages":[],"fullName":"POST /api/otp/check-user 76. 400 when phone is missing","invocations":1,"location":null,"numPassingAsserts":1,"retryReasons":[],"startAt":1773474189283,"status":"passed","title":"76. 400 when phone is missing"},{"ancestorTitles":["POST /api/otp/check-user"],"duration":21,"failing":false,"failureDetails":[],"failureMessages":[],"fullName":"POST /api/otp/check-user 77. exists:false for unknown phone","invocations":1,"location":null,"numPassingAsserts":1,"retryReasons":[],"startAt":1773474190590,"status":"passed","title":"77. exists:false for unknown phone"},{"ancestorTitles":["POST /api/otp/check-user"],"duration":15,"failing":false,"failureDetails":[],"failureMessages":[],"fullName":"POST /api/otp/check-user 78. exists:true for verified user","invocations":1,"location":null,"numPassingAsserts":1,"retryReasons":[],"startAt":1773474190611,"status":"passed","title":"78. exists:true for verified user"},{"ancestorTitles":["POST /api/otp/check-user"],"duration":34,"failing":false,"failureDetails":[],"failureMessages":[],"fullName":"POST /api/otp/check-user 79. exists:false for unverified user","invocations":1,"location":null,"numPassingAsserts":1,"retryReasons":[],"startAt":1773474190627,"status":"passed","title":"79. exists:false for unverified user"},{"ancestorTitles":["POST /api/otp/check-user"],"duration":20,"failing":false,"failureDetails":[],"failureMessages":[],"fullName":"POST /api/otp/check-user 80. returns masked email with ***","invocations":1,"location":null,"numPassingAsserts":1,"retryReasons":[],"startAt":1773474190661,"status":"passed","title":"80. returns masked email with ***"},{"ancestorTitles":["POST /api/otp/check-user"],"duration":12,"failing":false,"failureDetails":[],"failureMessages":[],"fullName":"POST /api/otp/check-user 81. returns null email for non-existent","invocations":1,"location":null,"numPassingAsserts":1,"retryReasons":[],"startAt":1773474190681,"status":"passed","title":"81. returns null email for non-existent"},{"ancestorTitles":["POST /api/otp/check-user"],"duration":12,"failing":false,"failureDetails":[],"failureMessages":[],"fullName":"POST /api/otp/check-user 82. returns null phone for non-existent","invocations":1,"location":null,"numPassingAsserts":1,"retryReasons":[],"startAt":1773474190693,"status":"passed","title":"82. returns null phone for non-existent"},{"ancestorTitles":["POST /api/otp/check-user"],"duration":14,"failing":false,"failureDetails":[],"failureMessages":[],"fullName":"POST /api/otp/check-user 83. returns phone for existing user","invocations":1,"location":null,"numPassingAsserts":1,"retryReasons":[],"startAt":1773474190705,"status":"passed","title":"83. returns phone for existing user"},{"ancestorTitles":["POST /api/otp/check-user"],"duration":16,"failing":false,"failureDetails":[],"failureMessages":[],"fullName":"POST /api/otp/check-user 84. does NOT expose full email","invocations":1,"location":null,"numPassingAsserts":1,"retryReasons":[],"startAt":1773474190720,"status":"passed","title":"84. does NOT expose full email"},{"ancestorTitles":["POST /api/otp/check-user"],"duration":32,"failing":false,"failureDetails":[],"failureMessages":[],"fullName":"POST /api/otp/check-user 85. does NOT leak OTP hash","invocations":1,"location":null,"numPassingAsserts":1,"retryReasons":[],"startAt":1773474190736,"status":"passed","title":"85. does NOT leak OTP hash"},{"ancestorTitles":["POST /api/otp/check-user"],"duration":13,"failing":false,"failureDetails":[],"failureMessages":[],"fullName":"POST /api/otp/check-user 86. does NOT leak cart/wishlist","invocations":1,"location":null,"numPassingAsserts":1,"retryReasons":[],"startAt":1773474190769,"status":"passed","title":"86. does NOT leak cart/wishlist"},{"ancestorTitles":["POST /api/otp/check-user"],"duration":14,"failing":false,"failureDetails":[],"failureMessages":[],"fullName":"POST /api/otp/check-user 87. does NOT leak otpAttempts","invocations":1,"location":null,"numPassingAsserts":1,"retryReasons":[],"startAt":1773474190783,"status":"passed","title":"87. does NOT leak otpAttempts"},{"ancestorTitles":["POST /api/otp/check-user"],"duration":13,"failing":false,"failureDetails":[],"failureMessages":[],"fullName":"POST /api/otp/check-user 88. returns JSON content type","invocations":1,"location":null,"numPassingAsserts":1,"retryReasons":[],"startAt":1773474190797,"status":"passed","title":"88. returns JSON content type"},{"ancestorTitles":["POST /api/otp/check-user"],"duration":14,"failing":false,"failureDetails":[],"failureMessages":[],"fullName":"POST /api/otp/check-user 89. rejects empty string phone","invocations":1,"location":null,"numPassingAsserts":1,"retryReasons":[],"startAt":1773474190810,"status":"passed","title":"89. rejects empty string phone"},{"ancestorTitles":["POST /api/otp/check-user"],"duration":14,"failing":false,"failureDetails":[],"failureMessages":[],"fullName":"POST /api/otp/check-user 90. rejects null phone","invocations":1,"location":null,"numPassingAsserts":1,"retryReasons":[],"startAt":1773474190824,"status":"passed","title":"90. rejects null phone"},{"ancestorTitles":["POST /api/otp/check-user"],"duration":11,"failing":false,"failureDetails":[],"failureMessages":[],"fullName":"POST /api/otp/check-user 90a. rejects object phone payload","invocations":1,"location":null,"numPassingAsserts":1,"retryReasons":[],"startAt":1773474190838,"status":"passed","title":"90a. rejects object phone payload"},{"ancestorTitles":["Full OTP Flow — E2E & Hardened Security"],"duration":92,"failing":false,"failureDetails":[],"failureMessages":[],"fullName":"Full OTP Flow — E2E & Hardened Security 91. E2E signup via API: send → verify (bcrypt verified)","invocations":1,"location":null,"numPassingAsserts":3,"retryReasons":[],"startAt":1773474190850,"status":"passed","title":"91. E2E signup via API: send → verify (bcrypt verified)"},{"ancestorTitles":["Full OTP Flow — E2E & Hardened Security"],"duration":94,"failing":false,"failureDetails":[],"failureMessages":[],"fullName":"Full OTP Flow — E2E & Hardened Security 92. E2E login: seed verified user → send → verify","invocations":1,"location":null,"numPassingAsserts":1,"retryReasons":[],"startAt":1773474190943,"status":"passed","title":"92. E2E login: seed verified user → send → verify"},{"ancestorTitles":["Full OTP Flow — E2E & Hardened Security"],"duration":1944,"failing":false,"failureDetails":[],"failureMessages":[],"fullName":"Full OTP Flow — E2E & Hardened Security 93. progressive lockout: 1st wrong → 2nd wrong → ... → 5th = LOCKED","invocations":1,"location":null,"numPassingAsserts":3,"retryReasons":[],"startAt":1773474191037,"status":"passed","title":"93. progressive lockout: 1st wrong → 2nd wrong → ... → 5th = LOCKED"},{"ancestorTitles":["Full OTP Flow — E2E & Hardened Security"],"duration":47,"failing":false,"failureDetails":[],"failureMessages":[],"fullName":"Full OTP Flow — E2E & Hardened Security 94. lockout prevents correct OTP from working","invocations":1,"location":null,"numPassingAsserts":1,"retryReasons":[],"startAt":1773474192981,"status":"passed","title":"94. lockout prevents correct OTP from working"},{"ancestorTitles":["Full OTP Flow — E2E & Hardened Security"],"duration":50,"failing":false,"failureDetails":[],"failureMessages":[],"fullName":"Full OTP Flow — E2E & Hardened Security 95. new OTP send clears lockout (user can retry)","invocations":1,"location":null,"numPassingAsserts":2,"retryReasons":[],"startAt":1773474193028,"status":"passed","title":"95. new OTP send clears lockout (user can retry)"},{"ancestorTitles":["Full OTP Flow — E2E & Hardened Security"],"duration":1028,"failing":false,"failureDetails":[],"failureMessages":[],"fullName":"Full OTP Flow — E2E & Hardened Security 96. OTP hash is never exposed in any response","invocations":1,"location":null,"numPassingAsserts":1,"retryReasons":[],"startAt":1773474193078,"status":"passed","title":"96. OTP hash is never exposed in any response"},{"ancestorTitles":["Full OTP Flow — E2E & Hardened Security"],"duration":45,"failing":false,"failureDetails":[],"failureMessages":[],"fullName":"Full OTP Flow — E2E & Hardened Security 97. OTP in DB is ALWAYS a bcrypt hash (never plaintext)","invocations":1,"location":null,"numPassingAsserts":1,"retryReasons":[],"startAt":1773474194106,"status":"passed","title":"97. OTP in DB is ALWAYS a bcrypt hash (never plaintext)"},{"ancestorTitles":["Full OTP Flow — E2E & Hardened Security"],"duration":75,"failing":false,"failureDetails":[],"failureMessages":[],"fullName":"Full OTP Flow — E2E & Hardened Security 98. re-signup after abandoned attempt works","invocations":1,"location":null,"numPassingAsserts":1,"retryReasons":[],"startAt":1773474194151,"status":"passed","title":"98. re-signup after abandoned attempt works"},{"ancestorTitles":["Full OTP Flow — E2E & Hardened Security"],"duration":15,"failing":false,"failureDetails":[],"failureMessages":[],"fullName":"Full OTP Flow — E2E & Hardened Security 99. NoSQL injection in phone is blocked","invocations":1,"location":null,"numPassingAsserts":2,"retryReasons":[],"startAt":1773474194226,"status":"passed","title":"99. NoSQL injection in phone is blocked"},{"ancestorTitles":["Full OTP Flow — E2E & Hardened Security"],"duration":36,"failing":false,"failureDetails":[],"failureMessages":[],"fullName":"Full OTP Flow — E2E & Hardened Security 100. all endpoints return error structure on empty body","invocations":1,"location":null,"numPassingAsserts":6,"retryReasons":[],"startAt":1773474194241,"status":"passed","title":"100. all endpoints return error structure on empty body"}],"endTime":1773474194341,"message":"","name":"C:\\Users\\mdsai\\Downloads\\Kimi_Agent_Flipkart-Style Frontend\\server\\tests\\otpSystem.test.js","startTime":1773474171167,"status":"passed","summary":""},{"assertionResults":[{"ancestorTitles":["Admin product routes integration"],"duration":60,"failing":false,"failureDetails":[],"failureMessages":[],"fullName":"Admin product routes integration GET /api/admin/products returns paginated admin products","invocations":1,"location":null,"numPassingAsserts":4,"retryReasons":[],"startAt":1773474201514,"status":"passed","title":"GET /api/admin/products returns paginated admin products"},{"ancestorTitles":["Admin product routes integration"],"duration":18,"failing":false,"failureDetails":[],"failureMessages":[],"fullName":"Admin product routes integration GET /api/admin/products/:id returns product detail with governance logs","invocations":1,"location":null,"numPassingAsserts":4,"retryReasons":[],"startAt":1773474201574,"status":"passed","title":"GET /api/admin/products/:id returns product detail with governance logs"},{"ancestorTitles":["Admin product routes integration"],"duration":10,"failing":false,"failureDetails":[],"failureMessages":[],"fullName":"Admin product routes integration GET /api/admin/products/:id/logs returns governance timeline","invocations":1,"location":null,"numPassingAsserts":4,"retryReasons":[],"startAt":1773474201593,"status":"passed","title":"GET /api/admin/products/:id/logs returns governance timeline"},{"ancestorTitles":["Admin product routes integration"],"duration":27,"failing":false,"failureDetails":[],"failureMessages":[],"fullName":"Admin product routes integration POST /api/admin/products enforces schema validation","invocations":1,"location":null,"numPassingAsserts":2,"retryReasons":[],"startAt":1773474201603,"status":"passed","title":"POST /api/admin/products enforces schema validation"},{"ancestorTitles":["Admin product routes integration"],"duration":13,"failing":false,"failureDetails":[],"failureMessages":[],"fullName":"Admin product routes integration POST /api/admin/products creates a product through the real route","invocations":1,"location":null,"numPassingAsserts":4,"retryReasons":[],"startAt":1773474201631,"status":"passed","title":"POST /api/admin/products creates a product through the real route"},{"ancestorTitles":["Admin product routes integration"],"duration":10,"failing":false,"failureDetails":[],"failureMessages":[],"fullName":"Admin product routes integration PATCH /api/admin/products/:id/core enforces at least one core field","invocations":1,"location":null,"numPassingAsserts":2,"retryReasons":[],"startAt":1773474201644,"status":"passed","title":"PATCH /api/admin/products/:id/core enforces at least one core field"},{"ancestorTitles":["Admin product routes integration"],"duration":10,"failing":false,"failureDetails":[],"failureMessages":[],"fullName":"Admin product routes integration PATCH /api/admin/products/:id/core updates the existing product and refreshes user projections","invocations":1,"location":null,"numPassingAsserts":5,"retryReasons":[],"startAt":1773474201654,"status":"passed","title":"PATCH /api/admin/products/:id/core updates the existing product and refreshes user projections"},{"ancestorTitles":["Admin product routes integration"],"duration":11,"failing":false,"failureDetails":[],"failureMessages":[],"fullName":"Admin product routes integration PATCH /api/admin/products/:id/pricing rejects selling price above original price","invocations":1,"location":null,"numPassingAsserts":2,"retryReasons":[],"startAt":1773474201665,"status":"passed","title":"PATCH /api/admin/products/:id/pricing rejects selling price above original price"},{"ancestorTitles":["Admin product routes integration"],"duration":14,"failing":false,"failureDetails":[],"failureMessages":[],"fullName":"Admin product routes integration PATCH /api/admin/products/:id/pricing updates pricing and refreshes user projections","invocations":1,"location":null,"numPassingAsserts":4,"retryReasons":[],"startAt":1773474201677,"status":"passed","title":"PATCH /api/admin/products/:id/pricing updates pricing and refreshes user projections"},{"ancestorTitles":["Admin product routes integration"],"duration":12,"failing":false,"failureDetails":[],"failureMessages":[],"fullName":"Admin product routes integration DELETE /api/admin/products/:id removes the product and clears user collections","invocations":1,"location":null,"numPassingAsserts":4,"retryReasons":[],"startAt":1773474201691,"status":"passed","title":"DELETE /api/admin/products/:id removes the product and clears user collections"}],"endTime":1773474201720,"message":"","name":"C:\\Users\\mdsai\\Downloads\\Kimi_Agent_Flipkart-Style Frontend\\server\\tests\\adminProductRoutes.integration.test.js","startTime":1773474194513,"status":"passed","summary":""},{"assertionResults":[{"ancestorTitles":["Admin user routes integration"],"duration":14,"failing":false,"failureDetails":[],"failureMessages":[],"fullName":"Admin user routes integration GET /api/admin/users returns governance list with stats","invocations":1,"location":null,"numPassingAsserts":3,"retryReasons":[],"startAt":1773474207864,"status":"passed","title":"GET /api/admin/users returns governance list with stats"},{"ancestorTitles":["Admin user routes integration"],"duration":8,"failing":false,"failureDetails":[],"failureMessages":[],"fullName":"Admin user routes integration GET /api/admin/users/:id returns governance detail with metrics and logs","invocations":1,"location":null,"numPassingAsserts":3,"retryReasons":[],"startAt":1773474207879,"status":"passed","title":"GET /api/admin/users/:id returns governance detail with metrics and logs"},{"ancestorTitles":["Admin user routes integration"],"duration":17,"failing":false,"failureDetails":[],"failureMessages":[],"fullName":"Admin user routes integration POST /api/admin/users/:id/warn enforces schema validation","invocations":1,"location":null,"numPassingAsserts":2,"retryReasons":[],"startAt":1773474207887,"status":"passed","title":"POST /api/admin/users/:id/warn enforces schema validation"},{"ancestorTitles":["Admin user routes integration"],"duration":8,"failing":false,"failureDetails":[],"failureMessages":[],"fullName":"Admin user routes integration POST /api/admin/users/:id/warn issues a warning through the real route","invocations":1,"location":null,"numPassingAsserts":4,"retryReasons":[],"startAt":1773474207904,"status":"passed","title":"POST /api/admin/users/:id/warn issues a warning through the real route"},{"ancestorTitles":["Admin user routes integration"],"duration":9,"failing":false,"failureDetails":[],"failureMessages":[],"fullName":"Admin user routes integration POST /api/admin/users/:id/suspend suspends the user through the real route","invocations":1,"location":null,"numPassingAsserts":5,"retryReasons":[],"startAt":1773474207912,"status":"passed","title":"POST /api/admin/users/:id/suspend suspends the user through the real route"},{"ancestorTitles":["Admin user routes integration"],"duration":7,"failing":false,"failureDetails":[],"failureMessages":[],"fullName":"Admin user routes integration POST /api/admin/users/:id/dismiss-warning rejects suspended users","invocations":1,"location":null,"numPassingAsserts":2,"retryReasons":[],"startAt":1773474207921,"status":"passed","title":"POST /api/admin/users/:id/dismiss-warning rejects suspended users"},{"ancestorTitles":["Admin user routes integration"],"duration":7,"failing":false,"failureDetails":[],"failureMessages":[],"fullName":"Admin user routes integration POST /api/admin/users/:id/reactivate restores account access","invocations":1,"location":null,"numPassingAsserts":4,"retryReasons":[],"startAt":1773474207928,"status":"passed","title":"POST /api/admin/users/:id/reactivate restores account access"},{"ancestorTitles":["Admin user routes integration"],"duration":7,"failing":false,"failureDetails":[],"failureMessages":[],"fullName":"Admin user routes integration POST /api/admin/users/:id/delete soft-deletes and scrubs PII","invocations":1,"location":null,"numPassingAsserts":7,"retryReasons":[],"startAt":1773474207935,"status":"passed","title":"POST /api/admin/users/:id/delete soft-deletes and scrubs PII"}],"endTime":1773474207953,"message":"","name":"C:\\Users\\mdsai\\Downloads\\Kimi_Agent_Flipkart-Style Frontend\\server\\tests\\adminUserRoutes.integration.test.js","startTime":1773474201749,"status":"passed","summary":""},{"assertionResults":[{"ancestorTitles":["Admin payment routes integration"],"duration":11,"failing":false,"failureDetails":[],"failureMessages":[],"fullName":"Admin payment routes integration GET /api/admin/payments returns paginated payment operations","invocations":1,"location":null,"numPassingAsserts":4,"retryReasons":[],"startAt":1773474213259,"status":"passed","title":"GET /api/admin/payments returns paginated payment operations"},{"ancestorTitles":["Admin payment routes integration"],"duration":8,"failing":false,"failureDetails":[],"failureMessages":[],"fullName":"Admin payment routes integration GET /api/admin/payments/:intentId returns payment detail through the real route","invocations":1,"location":null,"numPassingAsserts":3,"retryReasons":[],"startAt":1773474213270,"status":"passed","title":"GET /api/admin/payments/:intentId returns payment detail through the real route"},{"ancestorTitles":["Admin payment routes integration"],"duration":8,"failing":false,"failureDetails":[],"failureMessages":[],"fullName":"Admin payment routes integration GET /api/admin/payments/refunds/ledger returns enriched ledger rows","invocations":1,"location":null,"numPassingAsserts":3,"retryReasons":[],"startAt":1773474213278,"status":"passed","title":"GET /api/admin/payments/refunds/ledger returns enriched ledger rows"},{"ancestorTitles":["Admin payment routes integration"],"duration":23,"failing":false,"failureDetails":[],"failureMessages":[],"fullName":"Admin payment routes integration PATCH /api/admin/payments/refunds/ledger/:orderId/:requestId/reference enforces param validation","invocations":1,"location":null,"numPassingAsserts":2,"retryReasons":[],"startAt":1773474213286,"status":"passed","title":"PATCH /api/admin/payments/refunds/ledger/:orderId/:requestId/reference enforces param validation"},{"ancestorTitles":["Admin payment routes integration"],"duration":8,"failing":false,"failureDetails":[],"failureMessages":[],"fullName":"Admin payment routes integration PATCH /api/admin/payments/refunds/ledger/:orderId/:requestId/reference marks approved refund as processed","invocations":1,"location":null,"numPassingAsserts":6,"retryReasons":[],"startAt":1773474213310,"status":"passed","title":"PATCH /api/admin/payments/refunds/ledger/:orderId/:requestId/reference marks approved refund as processed"},{"ancestorTitles":["Admin payment routes integration"],"duration":39,"failing":false,"failureDetails":[],"failureMessages":[],"fullName":"Admin payment routes integration POST /api/admin/payments/:intentId/capture requires Idempotency-Key","invocations":1,"location":null,"numPassingAsserts":2,"retryReasons":[],"startAt":1773474213318,"status":"passed","title":"POST /api/admin/payments/:intentId/capture requires Idempotency-Key"},{"ancestorTitles":["Admin payment routes integration"],"duration":12,"failing":false,"failureDetails":[],"failureMessages":[],"fullName":"Admin payment routes integration POST /api/admin/payments/:intentId/capture captures and notifies through the real route","invocations":1,"location":null,"numPassingAsserts":4,"retryReasons":[],"startAt":1773474213358,"status":"passed","title":"POST /api/admin/payments/:intentId/capture captures and notifies through the real route"},{"ancestorTitles":["Admin payment routes integration"],"duration":7,"failing":false,"failureDetails":[],"failureMessages":[],"fullName":"Admin payment routes integration POST /api/admin/payments/:intentId/retry-capture requeues capture and notifies","invocations":1,"location":null,"numPassingAsserts":4,"retryReasons":[],"startAt":1773474213370,"status":"passed","title":"POST /api/admin/payments/:intentId/retry-capture requeues capture and notifies"}],"endTime":1773474213381,"message":"","name":"C:\\Users\\mdsai\\Downloads\\Kimi_Agent_Flipkart-Style Frontend\\server\\tests\\adminPaymentRoutes.integration.test.js","startTime":1773474207964,"status":"passed","summary":""},{"assertionResults":[{"ancestorTitles":["Admin analytics routes integration"],"duration":42,"failing":false,"failureDetails":[],"failureMessages":[],"fullName":"Admin analytics routes integration GET /api/admin/analytics/overview returns overview metrics through the real route","invocations":1,"location":null,"numPassingAsserts":3,"retryReasons":[],"startAt":1773474219787,"status":"passed","title":"GET /api/admin/analytics/overview returns overview metrics through the real route"},{"ancestorTitles":["Admin analytics routes integration"],"duration":31,"failing":false,"failureDetails":[],"failureMessages":[],"fullName":"Admin analytics routes integration GET /api/admin/analytics/timeseries enforces query validation","invocations":1,"location":null,"numPassingAsserts":2,"retryReasons":[],"startAt":1773474219830,"status":"passed","title":"GET /api/admin/analytics/timeseries enforces query validation"},{"ancestorTitles":["Admin analytics routes integration"],"duration":19,"failing":false,"failureDetails":[],"failureMessages":[],"fullName":"Admin analytics routes integration GET /api/admin/analytics/anomalies returns anomaly payload through the real route","invocations":1,"location":null,"numPassingAsserts":3,"retryReasons":[],"startAt":1773474219861,"status":"passed","title":"GET /api/admin/analytics/anomalies returns anomaly payload through the real route"},{"ancestorTitles":["Admin analytics routes integration"],"duration":38,"failing":false,"failureDetails":[],"failureMessages":[],"fullName":"Admin analytics routes integration GET /api/admin/analytics/export streams CSV with export headers","invocations":1,"location":null,"numPassingAsserts":6,"retryReasons":[],"startAt":1773474219880,"status":"passed","title":"GET /api/admin/analytics/export streams CSV with export headers"},{"ancestorTitles":["Admin analytics routes integration"],"duration":16,"failing":false,"failureDetails":[],"failureMessages":[],"fullName":"Admin analytics routes integration GET /api/admin/analytics/bi-config returns BI config through the real route","invocations":1,"location":null,"numPassingAsserts":2,"retryReasons":[],"startAt":1773474219918,"status":"passed","title":"GET /api/admin/analytics/bi-config returns BI config through the real route"}],"endTime":1773474219964,"message":"","name":"C:\\Users\\mdsai\\Downloads\\Kimi_Agent_Flipkart-Style Frontend\\server\\tests\\adminAnalyticsRoutes.integration.test.js","startTime":1773474213387,"status":"passed","summary":""},{"assertionResults":[{"ancestorTitles":["Admin notification routes integration"],"duration":53,"failing":false,"failureDetails":[],"failureMessages":[],"fullName":"Admin notification routes integration GET /api/admin/notifications/summary returns operational summary and latest notifications","invocations":1,"location":null,"numPassingAsserts":5,"retryReasons":[],"startAt":1773474228580,"status":"passed","title":"GET /api/admin/notifications/summary returns operational summary and latest notifications"},{"ancestorTitles":["Admin notification routes integration"],"duration":36,"failing":false,"failureDetails":[],"failureMessages":[],"fullName":"Admin notification routes integration GET /api/admin/notifications returns paginated notifications through the real route","invocations":1,"location":null,"numPassingAsserts":4,"retryReasons":[],"startAt":1773474228634,"status":"passed","title":"GET /api/admin/notifications returns paginated notifications through the real route"},{"ancestorTitles":["Admin notification routes integration"],"duration":93,"failing":false,"failureDetails":[{"errno":-4047,"syscall":"write","code":"EPIPE"}],"failureMessages":["Error: EPIPE: broken pipe, write\n    at Socket._write (node:internal/net:75:18)\n    at writeOrBuffer (node:internal/streams/writable:570:12)\n    at _write (node:internal/streams/writable:499:10)\n    at Socket.Writable.write (node:internal/streams/writable:508:10)\n    at Socket.stream.write (C:\\Users\\mdsai\\Downloads\\Kimi_Agent_Flipkart-Style Frontend\\server\\node_modules\\@jest\\reporters\\build\\index.js:1626:7)\n    at console.value (node:internal/console/constructor:313:16)\n    at console.error (node:internal/console/constructor:444:26)\n    at console._logError (C:\\Users\\mdsai\\Downloads\\Kimi_Agent_Flipkart-Style Frontend\\server\\node_modules\\@jest\\console\\build\\index.js:255:11)\n    at console.warn (C:\\Users\\mdsai\\Downloads\\Kimi_Agent_Flipkart-Style Frontend\\server\\node_modules\\@jest\\console\\build\\index.js:337:10)\n    at Object.warn (C:\\Users\\mdsai\\Downloads\\Kimi_Agent_Flipkart-Style Frontend\\server\\utils\\logger.js:25:38)\n    at warn (C:\\Users\\mdsai\\Downloads\\Kimi_Agent_Flipkart-Style Frontend\\server\\middleware\\validate.js:16:16)\n    at processTicksAndRejections (node:internal/process/task_queues:103:5)"],"fullName":"Admin notification routes integration PATCH /api/admin/notifications/:notificationId/read enforces param validation","invocations":1,"location":null,"numPassingAsserts":2,"retryReasons":[],"startAt":1773474228671,"status":"failed","title":"PATCH /api/admin/notifications/:notificationId/read enforces param validation"},{"ancestorTitles":["Admin notification routes integration"],"duration":34,"failing":false,"failureDetails":[],"failureMessages":[],"fullName":"Admin notification routes integration PATCH /api/admin/notifications/:notificationId/read updates read state through the real route","invocations":1,"location":null,"numPassingAsserts":5,"retryReasons":[],"startAt":1773474228766,"status":"passed","title":"PATCH /api/admin/notifications/:notificationId/read updates read state through the real route"},{"ancestorTitles":["Admin notification routes integration"],"duration":40,"failing":false,"failureDetails":[],"failureMessages":[],"fullName":"Admin notification routes integration PATCH /api/admin/notifications/read-all marks unread notifications as read","invocations":1,"location":null,"numPassingAsserts":3,"retryReasons":[],"startAt":1773474228801,"status":"passed","title":"PATCH /api/admin/notifications/read-all marks unread notifications as read"}],"coverage":{},"endTime":1773474229016,"message":"  ● Admin notification routes integration › PATCH /api/admin/notifications/:notificationId/read enforces param validation\n\n    EPIPE: broken pipe, write\n\n    \u001b[0m \u001b[90m 23 |\u001b[39m \u001b[36mconst\u001b[39m logger \u001b[33m=\u001b[39m {\n     \u001b[90m 24 |\u001b[39m     info\u001b[33m:\u001b[39m (message\u001b[33m,\u001b[39m meta) \u001b[33m=>\u001b[39m console\u001b[33m.\u001b[39mlog(formatMessage(\u001b[32m'info'\u001b[39m\u001b[33m,\u001b[39m message\u001b[33m,\u001b[39m meta))\u001b[33m,\u001b[39m\n    \u001b[31m\u001b[1m>\u001b[22m\u001b[39m\u001b[90m 25 |\u001b[39m     warn\u001b[33m:\u001b[39m (message\u001b[33m,\u001b[39m meta) \u001b[33m=>\u001b[39m console\u001b[33m.\u001b[39mwarn(formatMessage(\u001b[32m'warn'\u001b[39m\u001b[33m,\u001b[39m message\u001b[33m,\u001b[39m meta))\u001b[33m,\u001b[39m\n     \u001b[90m    |\u001b[39m                                      \u001b[31m\u001b[1m^\u001b[22m\u001b[39m\n     \u001b[90m 26 |\u001b[39m     error\u001b[33m:\u001b[39m (message\u001b[33m,\u001b[39m meta) \u001b[33m=>\u001b[39m console\u001b[33m.\u001b[39merror(formatMessage(\u001b[32m'error'\u001b[39m\u001b[33m,\u001b[39m message\u001b[33m,\u001b[39m meta))\u001b[33m,\u001b[39m\n     \u001b[90m 27 |\u001b[39m     debug\u001b[33m:\u001b[39m (message\u001b[33m,\u001b[39m meta) \u001b[33m=>\u001b[39m {\n     \u001b[90m 28 |\u001b[39m         \u001b[36mif\u001b[39m (process\u001b[33m.\u001b[39menv\u001b[33m.\u001b[39m\u001b[33mNODE_ENV\u001b[39m \u001b[33m!==\u001b[39m \u001b[32m'production'\u001b[39m) {\u001b[0m\n\n      at Socket.stream.write (node_modules/@jest/reporters/build/index.js:1626:7)\n      at console._logError (node_modules/@jest/console/build/index.js:255:11)\n      at console.warn (node_modules/@jest/console/build/index.js:337:10)\n      at Object.warn (utils/logger.js:25:38)\n      at warn (middleware/validate.js:16:16)\n\n\n  ● Test suite failed to run\n\n    EPIPE: broken pipe, write\n\n    \u001b[0m \u001b[90m 56 |\u001b[39m\n     \u001b[90m 57 |\u001b[39m     \u001b[36mif\u001b[39m (\u001b[33m!\u001b[39mmemoryServer) {\n    \u001b[31m\u001b[1m>\u001b[22m\u001b[39m\u001b[90m 58 |\u001b[39m         memoryServer \u001b[33m=\u001b[39m \u001b[36mawait\u001b[39m \u001b[33mMongoMemoryServer\u001b[39m\u001b[33m.\u001b[39mcreate({\n     \u001b[90m    |\u001b[39m                        \u001b[31m\u001b[1m^\u001b[22m\u001b[39m\n     \u001b[90m 59 |\u001b[39m             instance\u001b[33m:\u001b[39m { dbName\u001b[33m:\u001b[39m \u001b[32m'aura_test'\u001b[39m }\u001b[33m,\u001b[39m\n     \u001b[90m 60 |\u001b[39m         })\u001b[33m;\u001b[39m\n     \u001b[90m 61 |\u001b[39m     }\u001b[0m\n\n      at Socket.stream.write (node_modules/@jest/reporters/build/index.js:1626:7)\n      at console._logError (node_modules/@jest/console/build/index.js:255:11)\n      at console.warn (node_modules/@jest/console/build/index.js:337:10)\n      at node_modules/mongodb-memory-server-core/src/MongoMemoryServer.ts:359:17\n      at MongoMemoryServer.start (node_modules/mongodb-memory-server-core/src/MongoMemoryServer.ts:350:5)\n      at MongoMemoryServer.create (node_modules/mongodb-memory-server-core/src/MongoMemoryServer.ts:317:5)\n      at startInMemoryMongo (tests/setup.js:58:24)\n      at Object.<anonymous> (tests/setup.js:139:26)\n","name":"C:\\Users\\mdsai\\Downloads\\Kimi_Agent_Flipkart-Style Frontend\\server\\tests\\adminNotificationRoutes.integration.test.js","startTime":1773474229016,"status":"failed","summary":""}],"wasInterrupted":false}
